2021-03-19 11:29:05.886  INFO 8295 --- [main] c.contactlistapp.Application             : Starting Application on 192-168-1-111.tpgi.com.au with PID 8295 (/Users/ckarimajji/myDocs_MacPro/myWorkRepo/_codeBase/contactlistapp/target/classes started by ckarimajji in /Users/ckarimajji/myDocs_MacPro/myWorkRepo/_codeBase/contactlistapp)
2021-03-19 11:29:05.888  INFO 8295 --- [main] c.contactlistapp.Application             : No active profile set, falling back to default profiles: default
2021-03-19 11:29:06.276  INFO 8295 --- [main] .s.d.r.c.RepositoryConfigurationDelegate : Multiple Spring Data modules found, entering strict repository configuration mode!
2021-03-19 11:29:06.276  INFO 8295 --- [main] .s.d.r.c.RepositoryConfigurationDelegate : Bootstrapping Spring Data JPA repositories in DEFAULT mode.
2021-03-19 11:29:06.318  INFO 8295 --- [main] .s.d.r.c.RepositoryConfigurationDelegate : Finished Spring Data repository scanning in 37ms. Found 2 JPA repository interfaces.
2021-03-19 11:29:06.319  INFO 8295 --- [main] .s.d.r.c.RepositoryConfigurationDelegate : Multiple Spring Data modules found, entering strict repository configuration mode!
2021-03-19 11:29:06.319  INFO 8295 --- [main] .s.d.r.c.RepositoryConfigurationDelegate : Bootstrapping Spring Data Elasticsearch repositories in DEFAULT mode.
2021-03-19 11:29:06.327  INFO 8295 --- [main] .s.d.r.c.RepositoryConfigurationDelegate : Finished Spring Data repository scanning in 7ms. Found 1 Elasticsearch repository interfaces.
2021-03-19 11:29:06.575  INFO 8295 --- [main] .s.d.r.c.RepositoryConfigurationDelegate : Multiple Spring Data modules found, entering strict repository configuration mode!
2021-03-19 11:29:06.575  INFO 8295 --- [main] .s.d.r.c.RepositoryConfigurationDelegate : Bootstrapping Spring Data Reactive Elasticsearch repositories in DEFAULT mode.
2021-03-19 11:29:06.586  INFO 8295 --- [main] .RepositoryConfigurationExtensionSupport : Spring Data Reactive Elasticsearch - Could not safely identify store assignment for repository candidate interface contactassigment.contactlistapp.domain.jparepository.OrganisationRepository. If you want this repository to be a Reactive Elasticsearch repository, consider annotating your entities with one of these annotations: org.springframework.data.elasticsearch.annotations.Document (preferred), or consider extending one of the following types with your repository: org.springframework.data.elasticsearch.repository.ReactiveElasticsearchRepository.
2021-03-19 11:29:06.586  INFO 8295 --- [main] .s.d.r.c.RepositoryConfigurationDelegate : Finished Spring Data repository scanning in 10ms. Found 0 Reactive Elasticsearch repository interfaces.
2021-03-19 11:29:06.912  INFO 8295 --- [main] o.s.b.w.embedded.tomcat.TomcatWebServer  : Tomcat initialized with port(s): 8080 (http)
2021-03-19 11:29:06.918  INFO 8295 --- [main] o.apache.catalina.core.StandardService   : Starting service [Tomcat]
2021-03-19 11:29:06.918  INFO 8295 --- [main] org.apache.catalina.core.StandardEngine  : Starting Servlet engine: [Apache Tomcat/9.0.38]
2021-03-19 11:29:07.113  INFO 8295 --- [main] org.apache.jasper.servlet.TldScanner     : At least one JAR was scanned for TLDs yet contained no TLDs. Enable debug logging for this logger for a complete list of JARs that were scanned but no TLDs were found in them. Skipping unneeded JARs during scanning can improve startup time and JSP compilation time.
2021-03-19 11:29:07.115  INFO 8295 --- [main] o.a.c.c.C.[Tomcat].[localhost].[/]       : Initializing Spring embedded WebApplicationContext
2021-03-19 11:29:07.115  INFO 8295 --- [main] w.s.c.ServletWebServerApplicationContext : Root WebApplicationContext: initialization completed in 1197 ms
2021-03-19 11:29:07.183  INFO 8295 --- [main] com.zaxxer.hikari.HikariDataSource       : HikariPool-1 - Starting...
2021-03-19 11:29:07.254  INFO 8295 --- [main] com.zaxxer.hikari.HikariDataSource       : HikariPool-1 - Start completed.
2021-03-19 11:29:07.258  INFO 8295 --- [main] o.s.b.a.h2.H2ConsoleAutoConfiguration    : H2 console available at '/h2-console'. Database available at 'jdbc:h2:mem:testdb'
2021-03-19 11:29:07.431  INFO 8295 --- [main] o.hibernate.jpa.internal.util.LogHelper  : HHH000204: Processing PersistenceUnitInfo [name: default]
2021-03-19 11:29:07.458  INFO 8295 --- [main] org.hibernate.Version                    : HHH000412: Hibernate ORM core version 5.4.21.Final
2021-03-19 11:29:07.527  INFO 8295 --- [main] o.hibernate.annotations.common.Version   : HCANN000001: Hibernate Commons Annotations {5.1.0.Final}
2021-03-19 11:29:07.586  INFO 8295 --- [main] org.hibernate.dialect.Dialect            : HHH000400: Using dialect: org.hibernate.dialect.H2Dialect
2021-03-19 11:29:07.931  INFO 8295 --- [main] o.h.t.schema.internal.SchemaCreatorImpl  : HHH000476: Executing import script 'file:/Users/ckarimajji/myDocs_MacPro/myWorkRepo/_codeBase/contactlistapp/target/classes/import.sql'
2021-03-19 11:29:07.940  INFO 8295 --- [main] o.h.e.t.j.p.i.JtaPlatformInitiator       : HHH000490: Using JtaPlatform implementation: [org.hibernate.engine.transaction.jta.platform.internal.NoJtaPlatform]
2021-03-19 11:29:07.944  INFO 8295 --- [main] j.LocalContainerEntityManagerFactoryBean : Initialized JPA EntityManagerFactory for persistence unit 'default'
2021-03-19 11:29:08.520  WARN 8295 --- [main] o.s.data.convert.CustomConversions       : Registering converter from class org.springframework.data.geo.Point to interface java.util.Map as writing converter although it doesn't convert to a store-supported type! You might want to check your annotation setup at the converter implementation.
2021-03-19 11:29:08.520  WARN 8295 --- [main] o.s.data.convert.CustomConversions       : Registering converter from interface java.util.Map to class org.springframework.data.geo.Point as reading converter although it doesn't convert from a store-supported type! You might want to check your annotation setup at the converter implementation.
2021-03-19 11:29:08.520  WARN 8295 --- [main] o.s.data.convert.CustomConversions       : Registering converter from class org.springframework.data.elasticsearch.core.geo.GeoPoint to interface java.util.Map as writing converter although it doesn't convert to a store-supported type! You might want to check your annotation setup at the converter implementation.
2021-03-19 11:29:08.520  WARN 8295 --- [main] o.s.data.convert.CustomConversions       : Registering converter from interface java.util.Map to class org.springframework.data.elasticsearch.core.geo.GeoPoint as reading converter although it doesn't convert from a store-supported type! You might want to check your annotation setup at the converter implementation.
2021-03-19 11:29:08.732  INFO 8295 --- [main] o.s.d.elasticsearch.support.VersionInfo  : Version Spring Data Elasticsearch: 4.0.4.RELEASE
2021-03-19 11:29:08.732  INFO 8295 --- [main] o.s.d.elasticsearch.support.VersionInfo  : Version Elasticsearch Client in build: 7.6.2
2021-03-19 11:29:08.732  INFO 8295 --- [main] o.s.d.elasticsearch.support.VersionInfo  : Version Elasticsearch Client used: 7.6.2
2021-03-19 11:29:08.732  INFO 8295 --- [main] o.s.d.elasticsearch.support.VersionInfo  : Version Elasticsearch cluster: 7.11.2
2021-03-19 11:29:08.732  WARN 8295 --- [main] o.s.d.elasticsearch.support.VersionInfo  : Version mismatch in between Elasticsearch Client and Cluster: 7.6.2 - 7.11.2
2021-03-19 11:29:08.821  WARN 8295 --- [main] JpaBaseConfiguration$JpaWebConfiguration : spring.jpa.open-in-view is enabled by default. Therefore, database queries may be performed during view rendering. Explicitly configure spring.jpa.open-in-view to disable this warning
2021-03-19 11:29:08.922  INFO 8295 --- [main] o.s.s.concurrent.ThreadPoolTaskExecutor  : Initializing ExecutorService 'applicationTaskExecutor'
2021-03-19 11:29:09.161  WARN 8295 --- [main] o.s.data.convert.CustomConversions       : Registering converter from class org.springframework.data.geo.Point to interface java.util.Map as writing converter although it doesn't convert to a store-supported type! You might want to check your annotation setup at the converter implementation.
2021-03-19 11:29:09.162  WARN 8295 --- [main] o.s.data.convert.CustomConversions       : Registering converter from interface java.util.Map to class org.springframework.data.geo.Point as reading converter although it doesn't convert from a store-supported type! You might want to check your annotation setup at the converter implementation.
2021-03-19 11:29:09.162  WARN 8295 --- [main] o.s.data.convert.CustomConversions       : Registering converter from class org.springframework.data.elasticsearch.core.geo.GeoPoint to interface java.util.Map as writing converter although it doesn't convert to a store-supported type! You might want to check your annotation setup at the converter implementation.
2021-03-19 11:29:09.162  WARN 8295 --- [main] o.s.data.convert.CustomConversions       : Registering converter from interface java.util.Map to class org.springframework.data.elasticsearch.core.geo.GeoPoint as reading converter although it doesn't convert from a store-supported type! You might want to check your annotation setup at the converter implementation.
2021-03-19 11:29:09.174  INFO 8295 --- [main] o.s.b.a.e.web.EndpointLinksResolver      : Exposing 2 endpoint(s) beneath base path '/actuator'
2021-03-19 11:29:09.211  INFO 8295 --- [main] o.s.b.w.embedded.tomcat.TomcatWebServer  : Tomcat started on port(s): 8080 (http) with context path ''
2021-03-19 11:29:09.221  INFO 8295 --- [main] c.contactlistapp.Application             : Started Application in 3.586 seconds (JVM running for 4.021)
2021-03-19 11:29:11.897  INFO 8295 --- [RMI TCP Connection(3)-127.0.0.1] o.a.c.c.C.[Tomcat].[localhost].[/]       : Initializing Spring DispatcherServlet 'dispatcherServlet'
2021-03-19 11:29:11.897  INFO 8295 --- [RMI TCP Connection(3)-127.0.0.1] o.s.web.servlet.DispatcherServlet        : Initializing Servlet 'dispatcherServlet'
2021-03-19 11:29:11.901  INFO 8295 --- [RMI TCP Connection(3)-127.0.0.1] o.s.web.servlet.DispatcherServlet        : Completed initialization in 4 ms
2021-03-19 11:34:49.171  INFO 8295 --- [http-nio-8080-exec-2] c.c.service.ContactServiceImpl           : Query Criteria: ContactSearchCriteriaDTO(firstName=, lastName=, organisationName=)
2021-03-19 11:34:49.172  INFO 8295 --- [http-nio-8080-exec-2] c.c.d.e.ContactESRespositoyCustomImpl    : in custom esrepo --> for ContactSearchCriteriaDTO(firstName=, lastName=, organisationName=) 
2021-03-19 11:34:49.173  INFO 8295 --- [http-nio-8080-exec-2] c.c.d.e.ContactESRespositoyCustomImpl    : search for --> all fields.
2021-03-19 11:34:49.178  INFO 8295 --- [http-nio-8080-exec-2] c.c.d.e.ContactESRespositoyCustomImpl    : basic : search query -> 
 { "query": 
 {
  "match_all" : {
    "boost" : 1.0
  }
}  }
2021-03-19 11:34:49.283  INFO 8295 --- [http-nio-8080-exec-2] c.c.d.e.ContactESRespositoyCustomImpl    : >> search hits count 8 <<
2021-03-19 11:34:49.283  INFO 8295 --- [http-nio-8080-exec-2] c.c.d.e.ContactESRespositoyCustomImpl    : -> FirstName {,  LastName Sophie & OrgName Klein
2021-03-19 11:34:49.283  INFO 8295 --- [http-nio-8080-exec-2] c.c.d.e.ContactESRespositoyCustomImpl    : -> FirstName {,  LastName Alma & OrgName Armstrong
2021-03-19 11:34:49.283  INFO 8295 --- [http-nio-8080-exec-2] c.c.d.e.ContactESRespositoyCustomImpl    : -> FirstName {,  LastName Alexander & OrgName Morris
2021-03-19 11:34:49.283  INFO 8295 --- [http-nio-8080-exec-2] c.c.d.e.ContactESRespositoyCustomImpl    : -> FirstName {,  LastName Wm & OrgName Brady
2021-03-19 11:34:49.283  INFO 8295 --- [http-nio-8080-exec-2] c.c.d.e.ContactESRespositoyCustomImpl    : -> FirstName {,  LastName Rudy & OrgName Bush
2021-03-19 11:34:49.283  INFO 8295 --- [http-nio-8080-exec-2] c.c.d.e.ContactESRespositoyCustomImpl    : -> FirstName {,  LastName Andres & OrgName Mcguire
2021-03-19 11:34:49.284  INFO 8295 --- [http-nio-8080-exec-2] c.c.d.e.ContactESRespositoyCustomImpl    : -> FirstName {,  LastName Nick & OrgName Lane
2021-03-19 11:34:49.284  INFO 8295 --- [http-nio-8080-exec-2] c.c.d.e.ContactESRespositoyCustomImpl    : -> FirstName {,  LastName Perryx & OrgName Kennedy
2021-03-19 11:34:49.284  INFO 8295 --- [http-nio-8080-exec-2] c.c.service.ContactServiceImpl           : cache hit...! --> for listByCriteriaFetchOrganisation
2021-03-19 11:34:49.287  INFO 8295 --- [http-nio-8080-exec-2] c.contactlistapp.web.ContactController   : inital search completed
2021-03-19 11:35:06.335  INFO 8295 --- [http-nio-8080-exec-3] c.c.service.ContactServiceImpl           : Query Criteria: ContactSearchCriteriaDTO(firstName=*S, lastName=K*n, organisationName=)
2021-03-19 11:35:06.335  INFO 8295 --- [http-nio-8080-exec-3] c.c.d.e.ContactESRespositoyCustomImpl    : in custom esrepo --> for ContactSearchCriteriaDTO(firstName=*S, lastName=K*n, organisationName=) 
2021-03-19 11:35:06.336  INFO 8295 --- [http-nio-8080-exec-3] c.c.d.e.ContactESRespositoyCustomImpl    : count value is 2
2021-03-19 11:35:06.340  INFO 8295 --- [http-nio-8080-exec-3] c.c.d.e.ContactESRespositoyCustomImpl    : complex : search query -> 
 { "query": 
 {
  "bool" : {
    "must" : [
      {
        "bool" : {
          "must" : [
            {
              "query_string" : {
                "query" : "*S*",
                "default_field" : "firstName",
                "fields" : [ ],
                "type" : "best_fields",
                "default_operator" : "and",
                "max_determinized_states" : 10000,
                "enable_position_increments" : true,
                "fuzziness" : "AUTO",
                "fuzzy_prefix_length" : 0,
                "fuzzy_max_expansions" : 50,
                "phrase_slop" : 0,
                "escape" : false,
                "auto_generate_synonyms_phrase_query" : true,
                "fuzzy_transpositions" : true,
                "boost" : 1.0
              }
            },
            {
              "query_string" : {
                "query" : "K*n*",
                "default_field" : "lastName",
                "fields" : [ ],
                "type" : "best_fields",
                "default_operator" : "and",
                "max_determinized_states" : 10000,
                "enable_position_increments" : true,
                "fuzziness" : "AUTO",
                "fuzzy_prefix_length" : 0,
                "fuzzy_max_expansions" : 50,
                "phrase_slop" : 0,
                "escape" : false,
                "auto_generate_synonyms_phrase_query" : true,
                "fuzzy_transpositions" : true,
                "boost" : 1.0
              }
            }
          ],
          "adjust_pure_negative" : true,
          "boost" : 1.0
        }
      }
    ],
    "adjust_pure_negative" : true,
    "boost" : 1.0
  }
}  }
2021-03-19 11:35:06.349  INFO 8295 --- [http-nio-8080-exec-3] c.c.d.e.ContactESRespositoyCustomImpl    : >> search hits count 1 <<
2021-03-19 11:35:06.349  INFO 8295 --- [http-nio-8080-exec-3] c.c.d.e.ContactESRespositoyCustomImpl    : -> FirstName {,  LastName Sophie & OrgName Klein
2021-03-19 11:35:06.349  INFO 8295 --- [http-nio-8080-exec-3] c.c.service.ContactServiceImpl           : cache hit...! --> for listByCriteriaFetchOrganisation
2021-03-19 11:35:06.349  INFO 8295 --- [http-nio-8080-exec-3] c.contactlistapp.web.ContactController   : inital search completed
2021-03-19 11:35:48.190  INFO 8295 --- [http-nio-8080-exec-5] c.c.service.ContactServiceImpl           : Query Criteria: ContactSearchCriteriaDTO(firstName=*SK, lastName=K*n, organisationName=)
2021-03-19 11:35:48.190  INFO 8295 --- [http-nio-8080-exec-5] c.c.d.e.ContactESRespositoyCustomImpl    : in custom esrepo --> for ContactSearchCriteriaDTO(firstName=*SK, lastName=K*n, organisationName=) 
2021-03-19 11:35:48.190  INFO 8295 --- [http-nio-8080-exec-5] c.c.d.e.ContactESRespositoyCustomImpl    : count value is 2
2021-03-19 11:35:48.190  INFO 8295 --- [http-nio-8080-exec-5] c.c.d.e.ContactESRespositoyCustomImpl    : complex : search query -> 
 { "query": 
 {
  "bool" : {
    "must" : [
      {
        "bool" : {
          "must" : [
            {
              "query_string" : {
                "query" : "*SK*",
                "default_field" : "firstName",
                "fields" : [ ],
                "type" : "best_fields",
                "default_operator" : "and",
                "max_determinized_states" : 10000,
                "enable_position_increments" : true,
                "fuzziness" : "AUTO",
                "fuzzy_prefix_length" : 0,
                "fuzzy_max_expansions" : 50,
                "phrase_slop" : 0,
                "escape" : false,
                "auto_generate_synonyms_phrase_query" : true,
                "fuzzy_transpositions" : true,
                "boost" : 1.0
              }
            },
            {
              "query_string" : {
                "query" : "K*n*",
                "default_field" : "lastName",
                "fields" : [ ],
                "type" : "best_fields",
                "default_operator" : "and",
                "max_determinized_states" : 10000,
                "enable_position_increments" : true,
                "fuzziness" : "AUTO",
                "fuzzy_prefix_length" : 0,
                "fuzzy_max_expansions" : 50,
                "phrase_slop" : 0,
                "escape" : false,
                "auto_generate_synonyms_phrase_query" : true,
                "fuzzy_transpositions" : true,
                "boost" : 1.0
              }
            }
          ],
          "adjust_pure_negative" : true,
          "boost" : 1.0
        }
      }
    ],
    "adjust_pure_negative" : true,
    "boost" : 1.0
  }
}  }
2021-03-19 11:35:48.196  INFO 8295 --- [http-nio-8080-exec-5] c.c.d.e.ContactESRespositoyCustomImpl    : This criteria got no hits.
2021-03-19 11:35:48.196  INFO 8295 --- [http-nio-8080-exec-5] c.c.service.ContactServiceImpl           : only when not  cached -> for listByCriteriaFetchOrganisation
2021-03-19 11:35:48.198  INFO 8295 --- [http-nio-8080-exec-5] c.c.d.j.ContactRepositoryImpl            : Start --> Search from DB......ContactSearchCriteriaDTO(firstName=*SK, lastName=K*n, organisationName=)
2021-03-19 11:35:48.199  INFO 8295 --- [http-nio-8080-exec-5] c.c.d.j.ContactRepositoryImpl            : Query HQL: SELECT c FROM Contact c LEFT JOIN FETCH c.organisation o  WHERE c.firstName like:contactFNamePattern AND c.lastName like:contactLNamePattern
2021-03-19 11:35:48.203  INFO 8295 --- [http-nio-8080-exec-5] c.c.d.j.ContactRepositoryImpl            : End --> Search from DB......
2021-03-19 11:35:48.223  INFO 8295 --- [http-nio-8080-exec-5] c.contactlistapp.web.ContactController   : inital search completed
2021-03-19 11:36:30.440  INFO 8295 --- [http-nio-8080-exec-6] c.c.service.ContactServiceImpl           : Query Criteria: ContactSearchCriteriaDTO(firstName=, lastName=K*n, organisationName=)
2021-03-19 11:36:30.440  INFO 8295 --- [http-nio-8080-exec-6] c.c.d.e.ContactESRespositoyCustomImpl    : in custom esrepo --> for ContactSearchCriteriaDTO(firstName=, lastName=K*n, organisationName=) 
2021-03-19 11:36:30.440  INFO 8295 --- [http-nio-8080-exec-6] c.c.d.e.ContactESRespositoyCustomImpl    : count value is 1
2021-03-19 11:36:30.440  INFO 8295 --- [http-nio-8080-exec-6] c.c.d.e.ContactESRespositoyCustomImpl    : complex : search query -> 
 { "query": 
 {
  "bool" : {
    "must" : [
      {
        "bool" : {
          "must" : [
            {
              "query_string" : {
                "query" : "K*n*",
                "default_field" : "lastName",
                "fields" : [ ],
                "type" : "best_fields",
                "default_operator" : "and",
                "max_determinized_states" : 10000,
                "enable_position_increments" : true,
                "fuzziness" : "AUTO",
                "fuzzy_prefix_length" : 0,
                "fuzzy_max_expansions" : 50,
                "phrase_slop" : 0,
                "escape" : false,
                "auto_generate_synonyms_phrase_query" : true,
                "fuzzy_transpositions" : true,
                "boost" : 1.0
              }
            }
          ],
          "adjust_pure_negative" : true,
          "boost" : 1.0
        }
      }
    ],
    "adjust_pure_negative" : true,
    "boost" : 1.0
  }
}  }
2021-03-19 11:36:30.447  INFO 8295 --- [http-nio-8080-exec-6] c.c.d.e.ContactESRespositoyCustomImpl    : >> search hits count 2 <<
2021-03-19 11:36:30.447  INFO 8295 --- [http-nio-8080-exec-6] c.c.d.e.ContactESRespositoyCustomImpl    : -> FirstName {,  LastName Sophie & OrgName Klein
2021-03-19 11:36:30.447  INFO 8295 --- [http-nio-8080-exec-6] c.c.d.e.ContactESRespositoyCustomImpl    : -> FirstName {,  LastName Perryx & OrgName Kennedy
2021-03-19 11:36:30.447  INFO 8295 --- [http-nio-8080-exec-6] c.c.service.ContactServiceImpl           : cache hit...! --> for listByCriteriaFetchOrganisation
2021-03-19 11:36:30.448  INFO 8295 --- [http-nio-8080-exec-6] c.contactlistapp.web.ContactController   : inital search completed
2021-03-19 11:36:57.073  INFO 8295 --- [http-nio-8080-exec-8] c.c.service.ContactServiceImpl           : Query Criteria: ContactSearchCriteriaDTO(firstName=, lastName=K n, organisationName=)
2021-03-19 11:36:57.074  INFO 8295 --- [http-nio-8080-exec-8] c.c.d.e.ContactESRespositoyCustomImpl    : in custom esrepo --> for ContactSearchCriteriaDTO(firstName=, lastName=K n, organisationName=) 
2021-03-19 11:36:57.074  INFO 8295 --- [http-nio-8080-exec-8] c.c.d.e.ContactESRespositoyCustomImpl    : count value is 1
2021-03-19 11:36:57.074  INFO 8295 --- [http-nio-8080-exec-8] c.c.d.e.ContactESRespositoyCustomImpl    : complex : search query -> 
 { "query": 
 {
  "bool" : {
    "must" : [
      {
        "bool" : {
          "must" : [
            {
              "query_string" : {
                "query" : "K n*",
                "default_field" : "lastName",
                "fields" : [ ],
                "type" : "best_fields",
                "default_operator" : "and",
                "max_determinized_states" : 10000,
                "enable_position_increments" : true,
                "fuzziness" : "AUTO",
                "fuzzy_prefix_length" : 0,
                "fuzzy_max_expansions" : 50,
                "phrase_slop" : 0,
                "escape" : false,
                "auto_generate_synonyms_phrase_query" : true,
                "fuzzy_transpositions" : true,
                "boost" : 1.0
              }
            }
          ],
          "adjust_pure_negative" : true,
          "boost" : 1.0
        }
      }
    ],
    "adjust_pure_negative" : true,
    "boost" : 1.0
  }
}  }
2021-03-19 11:36:57.080  INFO 8295 --- [http-nio-8080-exec-8] c.c.d.e.ContactESRespositoyCustomImpl    : This criteria got no hits.
2021-03-19 11:36:57.080  INFO 8295 --- [http-nio-8080-exec-8] c.c.service.ContactServiceImpl           : only when not  cached -> for listByCriteriaFetchOrganisation
2021-03-19 11:36:57.080  INFO 8295 --- [http-nio-8080-exec-8] c.c.d.j.ContactRepositoryImpl            : Start --> Search from DB......ContactSearchCriteriaDTO(firstName=, lastName=K n, organisationName=)
2021-03-19 11:36:57.080  INFO 8295 --- [http-nio-8080-exec-8] c.c.d.j.ContactRepositoryImpl            : Query HQL: SELECT c FROM Contact c LEFT JOIN FETCH c.organisation o  WHERE c.lastName like:contactLNamePattern
2021-03-19 11:36:57.082  INFO 8295 --- [http-nio-8080-exec-8] c.c.d.j.ContactRepositoryImpl            : End --> Search from DB......
2021-03-19 11:36:57.086  INFO 8295 --- [http-nio-8080-exec-8] c.contactlistapp.web.ContactController   : inital search completed
2021-03-19 11:37:21.846  INFO 8295 --- [http-nio-8080-exec-9] c.c.service.ContactServiceImpl           : Query Criteria: ContactSearchCriteriaDTO(firstName=*S*, lastName=, organisationName=)
2021-03-19 11:37:21.846  INFO 8295 --- [http-nio-8080-exec-9] c.c.d.e.ContactESRespositoyCustomImpl    : in custom esrepo --> for ContactSearchCriteriaDTO(firstName=*S*, lastName=, organisationName=) 
2021-03-19 11:37:21.847  INFO 8295 --- [http-nio-8080-exec-9] c.c.d.e.ContactESRespositoyCustomImpl    : count value is 1
2021-03-19 11:37:21.847  INFO 8295 --- [http-nio-8080-exec-9] c.c.d.e.ContactESRespositoyCustomImpl    : complex : search query -> 
 { "query": 
 {
  "bool" : {
    "must" : [
      {
        "bool" : {
          "must" : [
            {
              "query_string" : {
                "query" : "*S**",
                "default_field" : "firstName",
                "fields" : [ ],
                "type" : "best_fields",
                "default_operator" : "and",
                "max_determinized_states" : 10000,
                "enable_position_increments" : true,
                "fuzziness" : "AUTO",
                "fuzzy_prefix_length" : 0,
                "fuzzy_max_expansions" : 50,
                "phrase_slop" : 0,
                "escape" : false,
                "auto_generate_synonyms_phrase_query" : true,
                "fuzzy_transpositions" : true,
                "boost" : 1.0
              }
            }
          ],
          "adjust_pure_negative" : true,
          "boost" : 1.0
        }
      }
    ],
    "adjust_pure_negative" : true,
    "boost" : 1.0
  }
}  }
2021-03-19 11:37:21.853  INFO 8295 --- [http-nio-8080-exec-9] c.c.d.e.ContactESRespositoyCustomImpl    : >> search hits count 2 <<
2021-03-19 11:37:21.853  INFO 8295 --- [http-nio-8080-exec-9] c.c.d.e.ContactESRespositoyCustomImpl    : -> FirstName {,  LastName Sophie & OrgName Klein
2021-03-19 11:37:21.853  INFO 8295 --- [http-nio-8080-exec-9] c.c.d.e.ContactESRespositoyCustomImpl    : -> FirstName {,  LastName Andres & OrgName Mcguire
2021-03-19 11:37:21.853  INFO 8295 --- [http-nio-8080-exec-9] c.c.service.ContactServiceImpl           : cache hit...! --> for listByCriteriaFetchOrganisation
2021-03-19 11:37:21.854  INFO 8295 --- [http-nio-8080-exec-9] c.contactlistapp.web.ContactController   : inital search completed
2021-03-19 11:37:57.785  INFO 8295 --- [http-nio-8080-exec-1] c.c.service.ContactServiceImpl           : Query Criteria: ContactSearchCriteriaDTO(firstName=So, lastName=, organisationName=for)
2021-03-19 11:37:57.785  INFO 8295 --- [http-nio-8080-exec-1] c.c.d.e.ContactESRespositoyCustomImpl    : in custom esrepo --> for ContactSearchCriteriaDTO(firstName=So, lastName=, organisationName=for) 
2021-03-19 11:37:57.786  INFO 8295 --- [http-nio-8080-exec-1] c.c.d.e.ContactESRespositoyCustomImpl    : count value is 2
2021-03-19 11:37:57.786  INFO 8295 --- [http-nio-8080-exec-1] c.c.d.e.ContactESRespositoyCustomImpl    : complex : search query -> 
 { "query": 
 {
  "bool" : {
    "must" : [
      {
        "bool" : {
          "must" : [
            {
              "query_string" : {
                "query" : "So*",
                "default_field" : "firstName",
                "fields" : [ ],
                "type" : "best_fields",
                "default_operator" : "and",
                "max_determinized_states" : 10000,
                "enable_position_increments" : true,
                "fuzziness" : "AUTO",
                "fuzzy_prefix_length" : 0,
                "fuzzy_max_expansions" : 50,
                "phrase_slop" : 0,
                "escape" : false,
                "auto_generate_synonyms_phrase_query" : true,
                "fuzzy_transpositions" : true,
                "boost" : 1.0
              }
            },
            {
              "query_string" : {
                "query" : "for*",
                "fields" : [ ],
                "type" : "best_fields",
                "default_operator" : "and",
                "max_determinized_states" : 10000,
                "enable_position_increments" : true,
                "fuzziness" : "AUTO",
                "fuzzy_prefix_length" : 0,
                "fuzzy_max_expansions" : 50,
                "phrase_slop" : 0,
                "escape" : false,
                "auto_generate_synonyms_phrase_query" : true,
                "fuzzy_transpositions" : true,
                "boost" : 1.0
              }
            }
          ],
          "adjust_pure_negative" : true,
          "boost" : 1.0
        }
      }
    ],
    "adjust_pure_negative" : true,
    "boost" : 1.0
  }
}  }
2021-03-19 11:37:57.792  INFO 8295 --- [http-nio-8080-exec-1] c.c.d.e.ContactESRespositoyCustomImpl    : >> search hits count 1 <<
2021-03-19 11:37:57.792  INFO 8295 --- [http-nio-8080-exec-1] c.c.d.e.ContactESRespositoyCustomImpl    : -> FirstName {,  LastName Sophie & OrgName Klein
2021-03-19 11:37:57.792  INFO 8295 --- [http-nio-8080-exec-1] c.c.service.ContactServiceImpl           : cache hit...! --> for listByCriteriaFetchOrganisation
2021-03-19 11:37:57.793  INFO 8295 --- [http-nio-8080-exec-1] c.contactlistapp.web.ContactController   : inital search completed
2021-03-19 11:38:14.525  INFO 8295 --- [http-nio-8080-exec-2] c.c.service.ContactServiceImpl           : Query Criteria: ContactSearchCriteriaDTO(firstName=So*, lastName=, organisationName=for)
2021-03-19 11:38:14.525  INFO 8295 --- [http-nio-8080-exec-2] c.c.d.e.ContactESRespositoyCustomImpl    : in custom esrepo --> for ContactSearchCriteriaDTO(firstName=So*, lastName=, organisationName=for) 
2021-03-19 11:38:14.525  INFO 8295 --- [http-nio-8080-exec-2] c.c.d.e.ContactESRespositoyCustomImpl    : count value is 2
2021-03-19 11:38:14.525  INFO 8295 --- [http-nio-8080-exec-2] c.c.d.e.ContactESRespositoyCustomImpl    : complex : search query -> 
 { "query": 
 {
  "bool" : {
    "must" : [
      {
        "bool" : {
          "must" : [
            {
              "query_string" : {
                "query" : "So**",
                "default_field" : "firstName",
                "fields" : [ ],
                "type" : "best_fields",
                "default_operator" : "and",
                "max_determinized_states" : 10000,
                "enable_position_increments" : true,
                "fuzziness" : "AUTO",
                "fuzzy_prefix_length" : 0,
                "fuzzy_max_expansions" : 50,
                "phrase_slop" : 0,
                "escape" : false,
                "auto_generate_synonyms_phrase_query" : true,
                "fuzzy_transpositions" : true,
                "boost" : 1.0
              }
            },
            {
              "query_string" : {
                "query" : "for*",
                "fields" : [ ],
                "type" : "best_fields",
                "default_operator" : "and",
                "max_determinized_states" : 10000,
                "enable_position_increments" : true,
                "fuzziness" : "AUTO",
                "fuzzy_prefix_length" : 0,
                "fuzzy_max_expansions" : 50,
                "phrase_slop" : 0,
                "escape" : false,
                "auto_generate_synonyms_phrase_query" : true,
                "fuzzy_transpositions" : true,
                "boost" : 1.0
              }
            }
          ],
          "adjust_pure_negative" : true,
          "boost" : 1.0
        }
      }
    ],
    "adjust_pure_negative" : true,
    "boost" : 1.0
  }
}  }
2021-03-19 11:38:14.532  INFO 8295 --- [http-nio-8080-exec-2] c.c.d.e.ContactESRespositoyCustomImpl    : >> search hits count 1 <<
2021-03-19 11:38:14.533  INFO 8295 --- [http-nio-8080-exec-2] c.c.d.e.ContactESRespositoyCustomImpl    : -> FirstName {,  LastName Sophie & OrgName Klein
2021-03-19 11:38:14.533  INFO 8295 --- [http-nio-8080-exec-2] c.c.service.ContactServiceImpl           : cache hit...! --> for listByCriteriaFetchOrganisation
2021-03-19 11:38:14.533  INFO 8295 --- [http-nio-8080-exec-2] c.contactlistapp.web.ContactController   : inital search completed
2021-03-19 11:38:37.257  INFO 8295 --- [http-nio-8080-exec-3] c.c.service.ContactServiceImpl           : Query Criteria: ContactSearchCriteriaDTO(firstName=So*, lastName=K*, organisationName=for)
2021-03-19 11:38:37.257  INFO 8295 --- [http-nio-8080-exec-3] c.c.d.e.ContactESRespositoyCustomImpl    : in custom esrepo --> for ContactSearchCriteriaDTO(firstName=So*, lastName=K*, organisationName=for) 
2021-03-19 11:38:37.257  INFO 8295 --- [http-nio-8080-exec-3] c.c.d.e.ContactESRespositoyCustomImpl    : count value is 3
2021-03-19 11:38:37.257  INFO 8295 --- [http-nio-8080-exec-3] c.c.d.e.ContactESRespositoyCustomImpl    : complex : search query -> 
 { "query": 
 {
  "bool" : {
    "must" : [
      {
        "bool" : {
          "must" : [
            {
              "query_string" : {
                "query" : "So**",
                "default_field" : "firstName",
                "fields" : [ ],
                "type" : "best_fields",
                "default_operator" : "and",
                "max_determinized_states" : 10000,
                "enable_position_increments" : true,
                "fuzziness" : "AUTO",
                "fuzzy_prefix_length" : 0,
                "fuzzy_max_expansions" : 50,
                "phrase_slop" : 0,
                "escape" : false,
                "auto_generate_synonyms_phrase_query" : true,
                "fuzzy_transpositions" : true,
                "boost" : 1.0
              }
            },
            {
              "query_string" : {
                "query" : "K**",
                "default_field" : "lastName",
                "fields" : [ ],
                "type" : "best_fields",
                "default_operator" : "and",
                "max_determinized_states" : 10000,
                "enable_position_increments" : true,
                "fuzziness" : "AUTO",
                "fuzzy_prefix_length" : 0,
                "fuzzy_max_expansions" : 50,
                "phrase_slop" : 0,
                "escape" : false,
                "auto_generate_synonyms_phrase_query" : true,
                "fuzzy_transpositions" : true,
                "boost" : 1.0
              }
            },
            {
              "query_string" : {
                "query" : "for*",
                "fields" : [ ],
                "type" : "best_fields",
                "default_operator" : "and",
                "max_determinized_states" : 10000,
                "enable_position_increments" : true,
                "fuzziness" : "AUTO",
                "fuzzy_prefix_length" : 0,
                "fuzzy_max_expansions" : 50,
                "phrase_slop" : 0,
                "escape" : false,
                "auto_generate_synonyms_phrase_query" : true,
                "fuzzy_transpositions" : true,
                "boost" : 1.0
              }
            }
          ],
          "adjust_pure_negative" : true,
          "boost" : 1.0
        }
      }
    ],
    "adjust_pure_negative" : true,
    "boost" : 1.0
  }
}  }
2021-03-19 11:38:37.266  INFO 8295 --- [http-nio-8080-exec-3] c.c.d.e.ContactESRespositoyCustomImpl    : >> search hits count 1 <<
2021-03-19 11:38:37.266  INFO 8295 --- [http-nio-8080-exec-3] c.c.d.e.ContactESRespositoyCustomImpl    : -> FirstName {,  LastName Sophie & OrgName Klein
2021-03-19 11:38:37.266  INFO 8295 --- [http-nio-8080-exec-3] c.c.service.ContactServiceImpl           : cache hit...! --> for listByCriteriaFetchOrganisation
2021-03-19 11:38:37.266  INFO 8295 --- [http-nio-8080-exec-3] c.contactlistapp.web.ContactController   : inital search completed
2021-03-19 11:39:09.141  INFO 8295 --- [http-nio-8080-exec-5] c.c.service.ContactServiceImpl           : Query Criteria: ContactSearchCriteriaDTO(firstName=, lastName=, organisationName=for)
2021-03-19 11:39:09.141  INFO 8295 --- [http-nio-8080-exec-5] c.c.d.e.ContactESRespositoyCustomImpl    : in custom esrepo --> for ContactSearchCriteriaDTO(firstName=, lastName=, organisationName=for) 
2021-03-19 11:39:09.141  INFO 8295 --- [http-nio-8080-exec-5] c.c.d.e.ContactESRespositoyCustomImpl    : count value is 1
2021-03-19 11:39:09.141  INFO 8295 --- [http-nio-8080-exec-5] c.c.d.e.ContactESRespositoyCustomImpl    : complex : search query -> 
 { "query": 
 {
  "bool" : {
    "must" : [
      {
        "bool" : {
          "must" : [
            {
              "query_string" : {
                "query" : "for*",
                "fields" : [ ],
                "type" : "best_fields",
                "default_operator" : "and",
                "max_determinized_states" : 10000,
                "enable_position_increments" : true,
                "fuzziness" : "AUTO",
                "fuzzy_prefix_length" : 0,
                "fuzzy_max_expansions" : 50,
                "phrase_slop" : 0,
                "escape" : false,
                "auto_generate_synonyms_phrase_query" : true,
                "fuzzy_transpositions" : true,
                "boost" : 1.0
              }
            }
          ],
          "adjust_pure_negative" : true,
          "boost" : 1.0
        }
      }
    ],
    "adjust_pure_negative" : true,
    "boost" : 1.0
  }
}  }
2021-03-19 11:39:09.150  INFO 8295 --- [http-nio-8080-exec-5] c.c.d.e.ContactESRespositoyCustomImpl    : >> search hits count 4 <<
2021-03-19 11:39:09.150  INFO 8295 --- [http-nio-8080-exec-5] c.c.d.e.ContactESRespositoyCustomImpl    : -> FirstName {,  LastName Sophie & OrgName Klein
2021-03-19 11:39:09.150  INFO 8295 --- [http-nio-8080-exec-5] c.c.d.e.ContactESRespositoyCustomImpl    : -> FirstName {,  LastName Alma & OrgName Armstrong
2021-03-19 11:39:09.150  INFO 8295 --- [http-nio-8080-exec-5] c.c.d.e.ContactESRespositoyCustomImpl    : -> FirstName {,  LastName Alexander & OrgName Morris
2021-03-19 11:39:09.150  INFO 8295 --- [http-nio-8080-exec-5] c.c.d.e.ContactESRespositoyCustomImpl    : -> FirstName {,  LastName Perryx & OrgName Kennedy
2021-03-19 11:39:09.150  INFO 8295 --- [http-nio-8080-exec-5] c.c.service.ContactServiceImpl           : cache hit...! --> for listByCriteriaFetchOrganisation
2021-03-19 11:39:09.150  INFO 8295 --- [http-nio-8080-exec-5] c.contactlistapp.web.ContactController   : inital search completed
2021-03-19 11:39:41.209  INFO 8295 --- [http-nio-8080-exec-6] c.c.service.ContactServiceImpl           : Query Criteria: ContactSearchCriteriaDTO(firstName=, lastName=, organisationName=*for*****xt)
2021-03-19 11:39:41.209  INFO 8295 --- [http-nio-8080-exec-6] c.c.d.e.ContactESRespositoyCustomImpl    : in custom esrepo --> for ContactSearchCriteriaDTO(firstName=, lastName=, organisationName=*for*****xt) 
2021-03-19 11:39:41.209  INFO 8295 --- [http-nio-8080-exec-6] c.c.d.e.ContactESRespositoyCustomImpl    : count value is 1
2021-03-19 11:39:41.209  INFO 8295 --- [http-nio-8080-exec-6] c.c.d.e.ContactESRespositoyCustomImpl    : complex : search query -> 
 { "query": 
 {
  "bool" : {
    "must" : [
      {
        "bool" : {
          "must" : [
            {
              "query_string" : {
                "query" : "*for*****xt*",
                "fields" : [ ],
                "type" : "best_fields",
                "default_operator" : "and",
                "max_determinized_states" : 10000,
                "enable_position_increments" : true,
                "fuzziness" : "AUTO",
                "fuzzy_prefix_length" : 0,
                "fuzzy_max_expansions" : 50,
                "phrase_slop" : 0,
                "escape" : false,
                "auto_generate_synonyms_phrase_query" : true,
                "fuzzy_transpositions" : true,
                "boost" : 1.0
              }
            }
          ],
          "adjust_pure_negative" : true,
          "boost" : 1.0
        }
      }
    ],
    "adjust_pure_negative" : true,
    "boost" : 1.0
  }
}  }
2021-03-19 11:39:41.221  INFO 8295 --- [http-nio-8080-exec-6] c.c.d.e.ContactESRespositoyCustomImpl    : This criteria got no hits.
2021-03-19 11:39:41.221  INFO 8295 --- [http-nio-8080-exec-6] c.c.service.ContactServiceImpl           : only when not  cached -> for listByCriteriaFetchOrganisation
2021-03-19 11:39:41.221  INFO 8295 --- [http-nio-8080-exec-6] c.c.d.j.ContactRepositoryImpl            : Start --> Search from DB......ContactSearchCriteriaDTO(firstName=, lastName=, organisationName=*for*****xt)
2021-03-19 11:39:41.221  INFO 8295 --- [http-nio-8080-exec-6] c.c.d.j.ContactRepositoryImpl            : Query HQL: SELECT c FROM Contact c LEFT JOIN FETCH c.organisation o  WHERE o.name like:organisationNamePattern
2021-03-19 11:39:41.222  INFO 8295 --- [http-nio-8080-exec-6] c.c.d.j.ContactRepositoryImpl            : End --> Search from DB......
2021-03-19 11:39:41.227  INFO 8295 --- [http-nio-8080-exec-6] c.contactlistapp.web.ContactController   : inital search completed
2021-03-19 11:40:00.748  INFO 8295 --- [http-nio-8080-exec-7] c.c.service.ContactServiceImpl           : Query Criteria: ContactSearchCriteriaDTO(firstName=, lastName=, organisationName=999)
2021-03-19 11:40:00.748  INFO 8295 --- [http-nio-8080-exec-7] c.c.d.e.ContactESRespositoyCustomImpl    : in custom esrepo --> for ContactSearchCriteriaDTO(firstName=, lastName=, organisationName=999) 
2021-03-19 11:40:00.748  INFO 8295 --- [http-nio-8080-exec-7] c.c.d.e.ContactESRespositoyCustomImpl    : count value is 1
2021-03-19 11:40:00.748  INFO 8295 --- [http-nio-8080-exec-7] c.c.d.e.ContactESRespositoyCustomImpl    : complex : search query -> 
 { "query": 
 {
  "bool" : {
    "must" : [
      {
        "bool" : {
          "must" : [
            {
              "query_string" : {
                "query" : "999*",
                "fields" : [ ],
                "type" : "best_fields",
                "default_operator" : "and",
                "max_determinized_states" : 10000,
                "enable_position_increments" : true,
                "fuzziness" : "AUTO",
                "fuzzy_prefix_length" : 0,
                "fuzzy_max_expansions" : 50,
                "phrase_slop" : 0,
                "escape" : false,
                "auto_generate_synonyms_phrase_query" : true,
                "fuzzy_transpositions" : true,
                "boost" : 1.0
              }
            }
          ],
          "adjust_pure_negative" : true,
          "boost" : 1.0
        }
      }
    ],
    "adjust_pure_negative" : true,
    "boost" : 1.0
  }
}  }
2021-03-19 11:40:00.754  INFO 8295 --- [http-nio-8080-exec-7] c.c.d.e.ContactESRespositoyCustomImpl    : This criteria got no hits.
2021-03-19 11:40:00.754  INFO 8295 --- [http-nio-8080-exec-7] c.c.service.ContactServiceImpl           : only when not  cached -> for listByCriteriaFetchOrganisation
2021-03-19 11:40:00.754  INFO 8295 --- [http-nio-8080-exec-7] c.c.d.j.ContactRepositoryImpl            : Start --> Search from DB......ContactSearchCriteriaDTO(firstName=, lastName=, organisationName=999)
2021-03-19 11:40:00.754  INFO 8295 --- [http-nio-8080-exec-7] c.c.d.j.ContactRepositoryImpl            : Query HQL: SELECT c FROM Contact c LEFT JOIN FETCH c.organisation o  WHERE o.name like:organisationNamePattern
2021-03-19 11:40:00.754  INFO 8295 --- [http-nio-8080-exec-7] c.c.d.j.ContactRepositoryImpl            : End --> Search from DB......
2021-03-19 11:40:00.758  INFO 8295 --- [http-nio-8080-exec-7] c.contactlistapp.web.ContactController   : inital search completed
2021-03-19 11:40:31.211  INFO 8295 --- [http-nio-8080-exec-9] c.c.service.ContactServiceImpl           : Query Criteria: ContactSearchCriteriaDTO(firstName=, lastName=, organisationName=)
2021-03-19 11:40:31.212  INFO 8295 --- [http-nio-8080-exec-9] c.c.d.e.ContactESRespositoyCustomImpl    : in custom esrepo --> for ContactSearchCriteriaDTO(firstName=, lastName=, organisationName=) 
2021-03-19 11:40:31.212  INFO 8295 --- [http-nio-8080-exec-9] c.c.d.e.ContactESRespositoyCustomImpl    : search for --> all fields.
2021-03-19 11:40:31.212  INFO 8295 --- [http-nio-8080-exec-9] c.c.d.e.ContactESRespositoyCustomImpl    : basic : search query -> 
 { "query": 
 {
  "match_all" : {
    "boost" : 1.0
  }
}  }
2021-03-19 11:40:31.220  INFO 8295 --- [http-nio-8080-exec-9] c.c.d.e.ContactESRespositoyCustomImpl    : >> search hits count 8 <<
2021-03-19 11:40:31.220  INFO 8295 --- [http-nio-8080-exec-9] c.c.d.e.ContactESRespositoyCustomImpl    : -> FirstName {,  LastName Sophie & OrgName Klein
2021-03-19 11:40:31.220  INFO 8295 --- [http-nio-8080-exec-9] c.c.d.e.ContactESRespositoyCustomImpl    : -> FirstName {,  LastName Alma & OrgName Armstrong
2021-03-19 11:40:31.220  INFO 8295 --- [http-nio-8080-exec-9] c.c.d.e.ContactESRespositoyCustomImpl    : -> FirstName {,  LastName Alexander & OrgName Morris
2021-03-19 11:40:31.220  INFO 8295 --- [http-nio-8080-exec-9] c.c.d.e.ContactESRespositoyCustomImpl    : -> FirstName {,  LastName Wm & OrgName Brady
2021-03-19 11:40:31.220  INFO 8295 --- [http-nio-8080-exec-9] c.c.d.e.ContactESRespositoyCustomImpl    : -> FirstName {,  LastName Rudy & OrgName Bush
2021-03-19 11:40:31.220  INFO 8295 --- [http-nio-8080-exec-9] c.c.d.e.ContactESRespositoyCustomImpl    : -> FirstName {,  LastName Andres & OrgName Mcguire
2021-03-19 11:40:31.220  INFO 8295 --- [http-nio-8080-exec-9] c.c.d.e.ContactESRespositoyCustomImpl    : -> FirstName {,  LastName Nick & OrgName Lane
2021-03-19 11:40:31.220  INFO 8295 --- [http-nio-8080-exec-9] c.c.d.e.ContactESRespositoyCustomImpl    : -> FirstName {,  LastName Perryx & OrgName Kennedy
2021-03-19 11:40:31.220  INFO 8295 --- [http-nio-8080-exec-9] c.c.service.ContactServiceImpl           : cache hit...! --> for listByCriteriaFetchOrganisation
2021-03-19 11:40:31.221  INFO 8295 --- [http-nio-8080-exec-9] c.contactlistapp.web.ContactController   : inital search completed
2021-03-19 11:40:36.563  INFO 8295 --- [http-nio-8080-exec-10] c.c.service.ContactServiceImpl           : cache hit...! --> for findByIdFetchOrganisation
2021-03-19 11:40:38.757  INFO 8295 --- [http-nio-8080-exec-1] c.c.service.ContactServiceImpl           : cache hit...! --> for findByIdFetchOrganisation
2021-03-19 11:40:44.059  INFO 8295 --- [http-nio-8080-exec-2] c.c.service.ContactServiceImpl           : cache hit...! --> for updateByDTO
2021-03-19 11:40:44.059  INFO 8295 --- [http-nio-8080-exec-2] c.c.service.ContactServiceImpl           : updated record too...
2021-03-19 11:40:44.178  INFO 8295 --- [http-nio-8080-exec-3] c.c.service.ContactServiceImpl           : cache hit...! --> for findByIdFetchOrganisation
2021-03-19 11:40:47.276  INFO 8295 --- [http-nio-8080-exec-4] c.c.service.ContactServiceImpl           : Query Criteria: ContactSearchCriteriaDTO(firstName=, lastName=, organisationName=)
2021-03-19 11:40:47.276  INFO 8295 --- [http-nio-8080-exec-4] c.c.d.e.ContactESRespositoyCustomImpl    : in custom esrepo --> for ContactSearchCriteriaDTO(firstName=, lastName=, organisationName=) 
2021-03-19 11:40:47.276  INFO 8295 --- [http-nio-8080-exec-4] c.c.d.e.ContactESRespositoyCustomImpl    : search for --> all fields.
2021-03-19 11:40:47.276  INFO 8295 --- [http-nio-8080-exec-4] c.c.d.e.ContactESRespositoyCustomImpl    : basic : search query -> 
 { "query": 
 {
  "match_all" : {
    "boost" : 1.0
  }
}  }
2021-03-19 11:40:47.283  INFO 8295 --- [http-nio-8080-exec-4] c.c.d.e.ContactESRespositoyCustomImpl    : >> search hits count 8 <<
2021-03-19 11:40:47.283  INFO 8295 --- [http-nio-8080-exec-4] c.c.d.e.ContactESRespositoyCustomImpl    : -> FirstName {,  LastName Alma & OrgName Armstrong
2021-03-19 11:40:47.284  INFO 8295 --- [http-nio-8080-exec-4] c.c.d.e.ContactESRespositoyCustomImpl    : -> FirstName {,  LastName Alexander & OrgName Morris
2021-03-19 11:40:47.284  INFO 8295 --- [http-nio-8080-exec-4] c.c.d.e.ContactESRespositoyCustomImpl    : -> FirstName {,  LastName Wm & OrgName Brady
2021-03-19 11:40:47.284  INFO 8295 --- [http-nio-8080-exec-4] c.c.d.e.ContactESRespositoyCustomImpl    : -> FirstName {,  LastName Rudy & OrgName Bush
2021-03-19 11:40:47.284  INFO 8295 --- [http-nio-8080-exec-4] c.c.d.e.ContactESRespositoyCustomImpl    : -> FirstName {,  LastName Andres & OrgName Mcguire
2021-03-19 11:40:47.284  INFO 8295 --- [http-nio-8080-exec-4] c.c.d.e.ContactESRespositoyCustomImpl    : -> FirstName {,  LastName Nick & OrgName Lane
2021-03-19 11:40:47.284  INFO 8295 --- [http-nio-8080-exec-4] c.c.d.e.ContactESRespositoyCustomImpl    : -> FirstName {,  LastName Perryx & OrgName Kennedy
2021-03-19 11:40:47.284  INFO 8295 --- [http-nio-8080-exec-4] c.c.d.e.ContactESRespositoyCustomImpl    : -> FirstName {,  LastName Sophiex & OrgName Klein
2021-03-19 11:40:47.284  INFO 8295 --- [http-nio-8080-exec-4] c.c.service.ContactServiceImpl           : cache hit...! --> for listByCriteriaFetchOrganisation
2021-03-19 11:40:47.284  INFO 8295 --- [http-nio-8080-exec-4] c.contactlistapp.web.ContactController   : inital search completed
2021-03-19 11:40:58.642  INFO 8295 --- [http-nio-8080-exec-5] c.c.service.ContactServiceImpl           : cache hit...! --> for findByIdFetchOrganisation
2021-03-19 11:45:02.937  INFO 8295 --- [RMI TCP Connection(27)-127.0.0.1] inMXBeanRegistrar$SpringApplicationAdmin : Application shutdown requested.
2021-03-19 11:45:03.002  INFO 8295 --- [RMI TCP Connection(27)-127.0.0.1] o.s.s.concurrent.ThreadPoolTaskExecutor  : Shutting down ExecutorService 'applicationTaskExecutor'
2021-03-19 11:45:03.002  INFO 8295 --- [RMI TCP Connection(27)-127.0.0.1] j.LocalContainerEntityManagerFactoryBean : Closing JPA EntityManagerFactory for persistence unit 'default'
2021-03-19 11:45:03.003  INFO 8295 --- [RMI TCP Connection(27)-127.0.0.1] .SchemaDropperImpl$DelayedDropActionImpl : HHH000477: Starting delayed evictData of schema as part of SessionFactory shut-down'
2021-03-19 11:45:03.008  INFO 8295 --- [RMI TCP Connection(27)-127.0.0.1] com.zaxxer.hikari.HikariDataSource       : HikariPool-1 - Shutdown initiated...
2021-03-19 11:45:03.010  INFO 8295 --- [RMI TCP Connection(27)-127.0.0.1] com.zaxxer.hikari.HikariDataSource       : HikariPool-1 - Shutdown completed.
